2022-05-19 22:05:571 INFO  ManageDriver :33 - Launching Chrome Browser
2022-05-19 22:05:396 INFO  HomePage :97 - Clicking on acceptCookies [[ChromeDriver: chrome on WINDOWS (0ea1c8af57dd1fa8d88bdf13150a3301)] -> xpath: //*[contains(text(),'Accept')]]
2022-05-19 22:05:766 INFO  HomePage :60 - Enter job Tester to jobTitle field [[ChromeDriver: chrome on WINDOWS (0ea1c8af57dd1fa8d88bdf13150a3301)] -> xpath: //input[@id='keywords']]
2022-05-19 22:05:26 INFO  HomePage :64 - Enter location Harrow on the Hill to location field [[ChromeDriver: chrome on WINDOWS (0ea1c8af57dd1fa8d88bdf13150a3301)] -> xpath: //input[@id='location']]
2022-05-19 22:05:276 INFO  HomePage :68 - Selecting distance 5 from dropdown [[ChromeDriver: chrome on WINDOWS (0ea1c8af57dd1fa8d88bdf13150a3301)] -> xpath: //select[@id='distance']]
2022-05-19 22:05:524 INFO  HomePage :72 - Clicking on moreSearchOptionsLink [[ChromeDriver: chrome on WINDOWS (0ea1c8af57dd1fa8d88bdf13150a3301)] -> xpath: //button[@id='toggle-hp-search']]
2022-05-19 22:05:00 INFO  HomePage :76 - Enter minSalary 300 to email field [[ChromeDriver: chrome on WINDOWS (0ea1c8af57dd1fa8d88bdf13150a3301)] -> xpath: //input[@id='salarymin']]
2022-05-19 22:05:193 INFO  HomePage :80 - Enter maxSalary 5000 to email field [[ChromeDriver: chrome on WINDOWS (0ea1c8af57dd1fa8d88bdf13150a3301)] -> xpath: //input[@id='salarymax']]
2022-05-19 22:05:354 INFO  HomePage :84 - Selecting salary Type annum from dropdown [[ChromeDriver: chrome on WINDOWS (0ea1c8af57dd1fa8d88bdf13150a3301)] -> xpath: //select[@id='salarytype']]
2022-05-19 22:05:944 INFO  HomePage :88 - Selecting job Type Permanent from dropdown [[ChromeDriver: chrome on WINDOWS (0ea1c8af57dd1fa8d88bdf13150a3301)] -> xpath: //select[@id='tempperm']]
2022-05-19 22:05:800 INFO  HomePage :92 - Clicking on findJobsBtn [[ChromeDriver: chrome on WINDOWS (0ea1c8af57dd1fa8d88bdf13150a3301)] -> xpath: //input[@id='hp-search-btn']]
2022-05-19 22:05:878 INFO  ResultPage :25 - getting result Text from [[ChromeDriver: chrome on WINDOWS (0ea1c8af57dd1fa8d88bdf13150a3301)] -> xpath: //h1[@class='search-header__title']]
2022-05-19 22:05:702 INFO  ManageDriver :33 - Launching Chrome Browser
2022-05-19 22:05:87 INFO  HomePage :97 - Clicking on acceptCookies [[ChromeDriver: chrome on WINDOWS (524558181e41151328781bcaed9d5027)] -> xpath: //*[contains(text(),'Accept')]]
2022-05-19 22:05:286 INFO  ManageDriver :33 - Launching Chrome Browser
2022-05-19 22:05:830 INFO  HomePage :97 - Clicking on acceptCookies [[ChromeDriver: chrome on WINDOWS (0a9bf7819a654c3c3924a25715ac06cb)] -> xpath: //*[contains(text(),'Accept')]]
2022-05-19 22:05:505 INFO  HomePage :60 - Enter job Plumber to jobTitle field [[ChromeDriver: chrome on WINDOWS (0a9bf7819a654c3c3924a25715ac06cb)] -> xpath: //input[@id='keywords']]
2022-05-19 22:05:881 INFO  HomePage :64 - Enter location London to location field [[ChromeDriver: chrome on WINDOWS (0a9bf7819a654c3c3924a25715ac06cb)] -> xpath: //input[@id='location']]
2022-05-19 22:05:137 INFO  HomePage :68 - Selecting distance 7 from dropdown [[ChromeDriver: chrome on WINDOWS (0a9bf7819a654c3c3924a25715ac06cb)] -> xpath: //select[@id='distance']]
2022-05-19 22:05:296 INFO  HomePage :72 - Clicking on moreSearchOptionsLink [[ChromeDriver: chrome on WINDOWS (0a9bf7819a654c3c3924a25715ac06cb)] -> xpath: //button[@id='toggle-hp-search']]
2022-05-19 22:05:605 INFO  HomePage :76 - Enter minSalary 3000 to email field [[ChromeDriver: chrome on WINDOWS (0a9bf7819a654c3c3924a25715ac06cb)] -> xpath: //input[@id='salarymin']]
2022-05-19 22:05:729 INFO  HomePage :80 - Enter maxSalary 40000 to email field [[ChromeDriver: chrome on WINDOWS (0a9bf7819a654c3c3924a25715ac06cb)] -> xpath: //input[@id='salarymax']]
2022-05-19 22:05:904 INFO  HomePage :84 - Selecting salary Type month from dropdown [[ChromeDriver: chrome on WINDOWS (0a9bf7819a654c3c3924a25715ac06cb)] -> xpath: //select[@id='salarytype']]
2022-05-19 22:05:139 INFO  HomePage :88 - Selecting job Type Contract from dropdown [[ChromeDriver: chrome on WINDOWS (0a9bf7819a654c3c3924a25715ac06cb)] -> xpath: //select[@id='tempperm']]
2022-05-19 22:05:906 INFO  HomePage :92 - Clicking on findJobsBtn [[ChromeDriver: chrome on WINDOWS (0a9bf7819a654c3c3924a25715ac06cb)] -> xpath: //input[@id='hp-search-btn']]
2022-05-19 22:05:964 INFO  ResultPage :25 - getting result Text from [[ChromeDriver: chrome on WINDOWS (0a9bf7819a654c3c3924a25715ac06cb)] -> xpath: //h1[@class='search-header__title']]
2022-05-19 22:05:31 INFO  ManageDriver :33 - Launching Chrome Browser
2022-05-19 22:05:514 INFO  HomePage :97 - Clicking on acceptCookies [[ChromeDriver: chrome on WINDOWS (6855ce7d52b5ae7c07e7f3f890983c90)] -> xpath: //*[contains(text(),'Accept')]]
2022-05-19 22:05:926 INFO  HomePage :60 - Enter job Cook to jobTitle field [[ChromeDriver: chrome on WINDOWS (6855ce7d52b5ae7c07e7f3f890983c90)] -> xpath: //input[@id='keywords']]
2022-05-19 22:05:272 INFO  HomePage :64 - Enter location Cambridge to location field [[ChromeDriver: chrome on WINDOWS (6855ce7d52b5ae7c07e7f3f890983c90)] -> xpath: //input[@id='location']]
2022-05-19 22:05:600 INFO  HomePage :68 - Selecting distance 5 from dropdown [[ChromeDriver: chrome on WINDOWS (6855ce7d52b5ae7c07e7f3f890983c90)] -> xpath: //select[@id='distance']]
2022-05-19 22:05:757 INFO  HomePage :72 - Clicking on moreSearchOptionsLink [[ChromeDriver: chrome on WINDOWS (6855ce7d52b5ae7c07e7f3f890983c90)] -> xpath: //button[@id='toggle-hp-search']]
2022-05-19 22:05:105 INFO  HomePage :76 - Enter minSalary 1000 to email field [[ChromeDriver: chrome on WINDOWS (6855ce7d52b5ae7c07e7f3f890983c90)] -> xpath: //input[@id='salarymin']]
2022-05-19 22:05:301 INFO  HomePage :80 - Enter maxSalary 5000 to email field [[ChromeDriver: chrome on WINDOWS (6855ce7d52b5ae7c07e7f3f890983c90)] -> xpath: //input[@id='salarymax']]
2022-05-19 22:05:486 INFO  HomePage :84 - Selecting salary Type week from dropdown [[ChromeDriver: chrome on WINDOWS (6855ce7d52b5ae7c07e7f3f890983c90)] -> xpath: //select[@id='salarytype']]
2022-05-19 22:05:649 INFO  HomePage :88 - Selecting job Type Part Time from dropdown [[ChromeDriver: chrome on WINDOWS (6855ce7d52b5ae7c07e7f3f890983c90)] -> xpath: //select[@id='tempperm']]
2022-05-19 22:05:520 INFO  HomePage :92 - Clicking on findJobsBtn [[ChromeDriver: chrome on WINDOWS (6855ce7d52b5ae7c07e7f3f890983c90)] -> xpath: //input[@id='hp-search-btn']]
2022-05-19 22:05:735 INFO  ResultPage :25 - getting result Text from [[ChromeDriver: chrome on WINDOWS (6855ce7d52b5ae7c07e7f3f890983c90)] -> xpath: //h1[@class='search-header__title']]
2022-05-19 22:05:380 INFO  ManageDriver :33 - Launching Chrome Browser
2022-05-19 22:05:851 INFO  HomePage :97 - Clicking on acceptCookies [[ChromeDriver: chrome on WINDOWS (c18659071fb844d062c9bc3d1c827c28)] -> xpath: //*[contains(text(),'Accept')]]
2022-05-19 22:05:980 INFO  HomePage :60 - Enter job Nurse to jobTitle field [[ChromeDriver: chrome on WINDOWS (c18659071fb844d062c9bc3d1c827c28)] -> xpath: //input[@id='keywords']]
2022-05-19 22:05:402 INFO  HomePage :64 - Enter location Essex to location field [[ChromeDriver: chrome on WINDOWS (c18659071fb844d062c9bc3d1c827c28)] -> xpath: //input[@id='location']]
2022-05-19 22:05:658 INFO  HomePage :68 - Selecting distance 2 from dropdown [[ChromeDriver: chrome on WINDOWS (c18659071fb844d062c9bc3d1c827c28)] -> xpath: //select[@id='distance']]
2022-05-19 22:05:882 INFO  HomePage :72 - Clicking on moreSearchOptionsLink [[ChromeDriver: chrome on WINDOWS (c18659071fb844d062c9bc3d1c827c28)] -> xpath: //button[@id='toggle-hp-search']]
2022-05-19 22:05:352 INFO  HomePage :76 - Enter minSalary 80 to email field [[ChromeDriver: chrome on WINDOWS (c18659071fb844d062c9bc3d1c827c28)] -> xpath: //input[@id='salarymin']]
2022-05-19 22:05:533 INFO  HomePage :80 - Enter maxSalary 7000 to email field [[ChromeDriver: chrome on WINDOWS (c18659071fb844d062c9bc3d1c827c28)] -> xpath: //input[@id='salarymax']]
2022-05-19 22:05:51 INFO  HomePage :84 - Selecting salary Type day from dropdown [[ChromeDriver: chrome on WINDOWS (c18659071fb844d062c9bc3d1c827c28)] -> xpath: //select[@id='salarytype']]
2022-05-19 22:05:308 INFO  HomePage :88 - Selecting job Type Contract from dropdown [[ChromeDriver: chrome on WINDOWS (c18659071fb844d062c9bc3d1c827c28)] -> xpath: //select[@id='tempperm']]
2022-05-19 22:05:583 INFO  HomePage :92 - Clicking on findJobsBtn [[ChromeDriver: chrome on WINDOWS (c18659071fb844d062c9bc3d1c827c28)] -> xpath: //input[@id='hp-search-btn']]
2022-05-19 22:05:253 INFO  ResultPage :25 - getting result Text from [[ChromeDriver: chrome on WINDOWS (c18659071fb844d062c9bc3d1c827c28)] -> xpath: //h1[@class='search-header__title']]
2022-05-19 22:05:877 INFO  ManageDriver :33 - Launching Chrome Browser
2022-05-19 22:05:532 INFO  HomePage :97 - Clicking on acceptCookies [[ChromeDriver: chrome on WINDOWS (7a6fc47e452744db62ee8f11888bd942)] -> xpath: //*[contains(text(),'Accept')]]
2022-05-19 22:05:580 INFO  HomePage :60 - Enter job Teacher to jobTitle field [[ChromeDriver: chrome on WINDOWS (7a6fc47e452744db62ee8f11888bd942)] -> xpath: //input[@id='keywords']]
2022-05-19 22:05:843 INFO  HomePage :64 - Enter location Oxford to location field [[ChromeDriver: chrome on WINDOWS (7a6fc47e452744db62ee8f11888bd942)] -> xpath: //input[@id='location']]
2022-05-19 22:05:111 INFO  HomePage :68 - Selecting distance 5 from dropdown [[ChromeDriver: chrome on WINDOWS (7a6fc47e452744db62ee8f11888bd942)] -> xpath: //select[@id='distance']]
2022-05-19 22:05:320 INFO  HomePage :72 - Clicking on moreSearchOptionsLink [[ChromeDriver: chrome on WINDOWS (7a6fc47e452744db62ee8f11888bd942)] -> xpath: //button[@id='toggle-hp-search']]
2022-05-19 22:05:668 INFO  HomePage :76 - Enter minSalary 800 to email field [[ChromeDriver: chrome on WINDOWS (7a6fc47e452744db62ee8f11888bd942)] -> xpath: //input[@id='salarymin']]
2022-05-19 22:05:887 INFO  HomePage :80 - Enter maxSalary 40000 to email field [[ChromeDriver: chrome on WINDOWS (7a6fc47e452744db62ee8f11888bd942)] -> xpath: //input[@id='salarymax']]
2022-05-19 22:05:00 INFO  HomePage :84 - Selecting salary Type annum from dropdown [[ChromeDriver: chrome on WINDOWS (7a6fc47e452744db62ee8f11888bd942)] -> xpath: //select[@id='salarytype']]
2022-05-19 22:05:271 INFO  HomePage :88 - Selecting job Type Apprenticeship from dropdown [[ChromeDriver: chrome on WINDOWS (7a6fc47e452744db62ee8f11888bd942)] -> xpath: //select[@id='tempperm']]
2022-05-19 22:05:691 INFO  HomePage :92 - Clicking on findJobsBtn [[ChromeDriver: chrome on WINDOWS (7a6fc47e452744db62ee8f11888bd942)] -> xpath: //input[@id='hp-search-btn']]
2022-05-19 22:05:383 INFO  ResultPage :25 - getting result Text from [[ChromeDriver: chrome on WINDOWS (7a6fc47e452744db62ee8f11888bd942)] -> xpath: //h1[@class='search-header__title']]
2022-05-19 22:05:396 INFO  ManageDriver :33 - Launching Chrome Browser
2022-05-19 22:05:413 INFO  HomePage :97 - Clicking on acceptCookies [[ChromeDriver: chrome on WINDOWS (6f239885e6dbebae7421d797c08bc877)] -> xpath: //*[contains(text(),'Accept')]]
2022-05-19 22:05:655 INFO  HomePage :60 - Enter job Developer to jobTitle field [[ChromeDriver: chrome on WINDOWS (6f239885e6dbebae7421d797c08bc877)] -> xpath: //input[@id='keywords']]
2022-05-19 22:05:274 INFO  HomePage :64 - Enter location Nottingham to location field [[ChromeDriver: chrome on WINDOWS (6f239885e6dbebae7421d797c08bc877)] -> xpath: //input[@id='location']]
2022-05-19 22:05:486 INFO  HomePage :68 - Selecting distance 7 from dropdown [[ChromeDriver: chrome on WINDOWS (6f239885e6dbebae7421d797c08bc877)] -> xpath: //select[@id='distance']]
2022-05-19 22:05:833 INFO  HomePage :72 - Clicking on moreSearchOptionsLink [[ChromeDriver: chrome on WINDOWS (6f239885e6dbebae7421d797c08bc877)] -> xpath: //button[@id='toggle-hp-search']]
2022-05-19 22:05:09 INFO  HomePage :76 - Enter minSalary 900 to email field [[ChromeDriver: chrome on WINDOWS (6f239885e6dbebae7421d797c08bc877)] -> xpath: //input[@id='salarymin']]
2022-05-19 22:05:223 INFO  HomePage :80 - Enter maxSalary 30000 to email field [[ChromeDriver: chrome on WINDOWS (6f239885e6dbebae7421d797c08bc877)] -> xpath: //input[@id='salarymax']]
2022-05-19 22:05:408 INFO  HomePage :84 - Selecting salary Type month from dropdown [[ChromeDriver: chrome on WINDOWS (6f239885e6dbebae7421d797c08bc877)] -> xpath: //select[@id='salarytype']]
2022-05-19 22:05:590 INFO  HomePage :88 - Selecting job Type Permanent from dropdown [[ChromeDriver: chrome on WINDOWS (6f239885e6dbebae7421d797c08bc877)] -> xpath: //select[@id='tempperm']]
2022-05-19 22:05:432 INFO  HomePage :92 - Clicking on findJobsBtn [[ChromeDriver: chrome on WINDOWS (6f239885e6dbebae7421d797c08bc877)] -> xpath: //input[@id='hp-search-btn']]
2022-05-19 22:05:502 INFO  ResultPage :25 - getting result Text from [[ChromeDriver: chrome on WINDOWS (6f239885e6dbebae7421d797c08bc877)] -> xpath: //h1[@class='search-header__title']]
2022-05-19 22:05:732 INFO  ManageDriver :33 - Launching Chrome Browser
2022-05-19 22:05:417 INFO  HomePage :97 - Clicking on acceptCookies [[ChromeDriver: chrome on WINDOWS (973a45d9ab91c35edac07d2ad0a5aea1)] -> xpath: //*[contains(text(),'Accept')]]
2022-05-19 22:05:970 INFO  HomePage :60 - Enter job Tester to jobTitle field [[ChromeDriver: chrome on WINDOWS (973a45d9ab91c35edac07d2ad0a5aea1)] -> xpath: //input[@id='keywords']]
2022-05-19 22:05:276 INFO  HomePage :64 - Enter location Colchester to location field [[ChromeDriver: chrome on WINDOWS (973a45d9ab91c35edac07d2ad0a5aea1)] -> xpath: //input[@id='location']]
2022-05-19 22:05:479 INFO  HomePage :68 - Selecting distance 2 from dropdown [[ChromeDriver: chrome on WINDOWS (973a45d9ab91c35edac07d2ad0a5aea1)] -> xpath: //select[@id='distance']]
2022-05-19 22:05:657 INFO  HomePage :72 - Clicking on moreSearchOptionsLink [[ChromeDriver: chrome on WINDOWS (973a45d9ab91c35edac07d2ad0a5aea1)] -> xpath: //button[@id='toggle-hp-search']]
2022-05-19 22:05:96 INFO  HomePage :76 - Enter minSalary 100 to email field [[ChromeDriver: chrome on WINDOWS (973a45d9ab91c35edac07d2ad0a5aea1)] -> xpath: //input[@id='salarymin']]
2022-05-19 22:05:220 INFO  HomePage :80 - Enter maxSalary 20000 to email field [[ChromeDriver: chrome on WINDOWS (973a45d9ab91c35edac07d2ad0a5aea1)] -> xpath: //input[@id='salarymax']]
2022-05-19 22:05:540 INFO  HomePage :84 - Selecting salary Type hour from dropdown [[ChromeDriver: chrome on WINDOWS (973a45d9ab91c35edac07d2ad0a5aea1)] -> xpath: //select[@id='salarytype']]
2022-05-19 22:05:722 INFO  HomePage :88 - Selecting job Type Permanent from dropdown [[ChromeDriver: chrome on WINDOWS (973a45d9ab91c35edac07d2ad0a5aea1)] -> xpath: //select[@id='tempperm']]
2022-05-19 22:05:81 INFO  HomePage :92 - Clicking on findJobsBtn [[ChromeDriver: chrome on WINDOWS (973a45d9ab91c35edac07d2ad0a5aea1)] -> xpath: //input[@id='hp-search-btn']]
2022-05-19 22:05:578 INFO  ResultPage :25 - getting result Text from [[ChromeDriver: chrome on WINDOWS (973a45d9ab91c35edac07d2ad0a5aea1)] -> xpath: //h1[@class='search-header__title']]
2022-05-19 22:05:890 INFO  ManageDriver :33 - Launching Chrome Browser
2022-05-19 22:05:109 INFO  HomePage :97 - Clicking on acceptCookies [[ChromeDriver: chrome on WINDOWS (7c573c90ace2d1bcdc15329b473c50ff)] -> xpath: //*[contains(text(),'Accept')]]
2022-05-19 22:05:265 INFO  HomePage :60 - Enter job Tester to jobTitle field [[ChromeDriver: chrome on WINDOWS (7c573c90ace2d1bcdc15329b473c50ff)] -> xpath: //input[@id='keywords']]
2022-05-19 22:05:445 INFO  HomePage :64 - Enter location Oxford to location field [[ChromeDriver: chrome on WINDOWS (7c573c90ace2d1bcdc15329b473c50ff)] -> xpath: //input[@id='location']]
2022-05-19 22:05:767 INFO  HomePage :68 - Selecting distance 5 from dropdown [[ChromeDriver: chrome on WINDOWS (7c573c90ace2d1bcdc15329b473c50ff)] -> xpath: //select[@id='distance']]
2022-05-19 22:05:987 INFO  HomePage :72 - Clicking on moreSearchOptionsLink [[ChromeDriver: chrome on WINDOWS (7c573c90ace2d1bcdc15329b473c50ff)] -> xpath: //button[@id='toggle-hp-search']]
2022-05-19 22:05:115 INFO  HomePage :76 - Enter minSalary 300 to email field [[ChromeDriver: chrome on WINDOWS (7c573c90ace2d1bcdc15329b473c50ff)] -> xpath: //input[@id='salarymin']]
2022-05-19 22:05:262 INFO  HomePage :80 - Enter maxSalary 5000 to email field [[ChromeDriver: chrome on WINDOWS (7c573c90ace2d1bcdc15329b473c50ff)] -> xpath: //input[@id='salarymax']]
2022-05-19 22:05:359 INFO  HomePage :84 - Selecting salary Type annum from dropdown [[ChromeDriver: chrome on WINDOWS (7c573c90ace2d1bcdc15329b473c50ff)] -> xpath: //select[@id='salarytype']]
2022-05-19 22:05:537 INFO  HomePage :88 - Selecting job Type Permanent from dropdown [[ChromeDriver: chrome on WINDOWS (7c573c90ace2d1bcdc15329b473c50ff)] -> xpath: //select[@id='tempperm']]
2022-05-19 22:05:845 INFO  HomePage :92 - Clicking on findJobsBtn [[ChromeDriver: chrome on WINDOWS (7c573c90ace2d1bcdc15329b473c50ff)] -> xpath: //input[@id='hp-search-btn']]
2022-05-19 22:05:947 INFO  ResultPage :25 - getting result Text from [[ChromeDriver: chrome on WINDOWS (7c573c90ace2d1bcdc15329b473c50ff)] -> xpath: //h1[@class='search-header__title']]
2022-05-19 22:05:336 INFO  ManageDriver :33 - Launching Chrome Browser
2022-05-19 22:05:619 INFO  HomePage :97 - Clicking on acceptCookies [[ChromeDriver: chrome on WINDOWS (b2f67b8b7fd89e4f9906357fa5670490)] -> xpath: //*[contains(text(),'Accept')]]
2022-05-19 22:05:310 INFO  HomePage :60 - Enter job Tester to jobTitle field [[ChromeDriver: chrome on WINDOWS (b2f67b8b7fd89e4f9906357fa5670490)] -> xpath: //input[@id='keywords']]
2022-05-19 22:05:483 INFO  HomePage :64 - Enter location Oxford to location field [[ChromeDriver: chrome on WINDOWS (b2f67b8b7fd89e4f9906357fa5670490)] -> xpath: //input[@id='location']]
2022-05-19 22:05:770 INFO  HomePage :68 - Selecting distance 5 from dropdown [[ChromeDriver: chrome on WINDOWS (b2f67b8b7fd89e4f9906357fa5670490)] -> xpath: //select[@id='distance']]
2022-05-19 22:05:05 INFO  HomePage :72 - Clicking on moreSearchOptionsLink [[ChromeDriver: chrome on WINDOWS (b2f67b8b7fd89e4f9906357fa5670490)] -> xpath: //button[@id='toggle-hp-search']]
2022-05-19 22:05:496 INFO  HomePage :76 - Enter minSalary 300 to email field [[ChromeDriver: chrome on WINDOWS (b2f67b8b7fd89e4f9906357fa5670490)] -> xpath: //input[@id='salarymin']]
2022-05-19 22:05:704 INFO  HomePage :80 - Enter maxSalary 5000 to email field [[ChromeDriver: chrome on WINDOWS (b2f67b8b7fd89e4f9906357fa5670490)] -> xpath: //input[@id='salarymax']]
2022-05-19 22:05:790 INFO  HomePage :84 - Selecting salary Type annum from dropdown [[ChromeDriver: chrome on WINDOWS (b2f67b8b7fd89e4f9906357fa5670490)] -> xpath: //select[@id='salarytype']]
2022-05-19 22:05:961 INFO  HomePage :88 - Selecting job Type Permanent from dropdown [[ChromeDriver: chrome on WINDOWS (b2f67b8b7fd89e4f9906357fa5670490)] -> xpath: //select[@id='tempperm']]
2022-05-19 22:05:598 INFO  HomePage :92 - Clicking on findJobsBtn [[ChromeDriver: chrome on WINDOWS (b2f67b8b7fd89e4f9906357fa5670490)] -> xpath: //input[@id='hp-search-btn']]
2022-05-19 22:05:657 INFO  ResultPage :25 - getting result Text from [[ChromeDriver: chrome on WINDOWS (b2f67b8b7fd89e4f9906357fa5670490)] -> xpath: //h1[@class='search-header__title']]
2022-05-19 22:05:490 INFO  ManageDriver :33 - Launching Chrome Browser
2022-05-19 22:05:936 INFO  HomePage :97 - Clicking on acceptCookies [[ChromeDriver: chrome on WINDOWS (b24c96bfd810614defd4af259842071d)] -> xpath: //*[contains(text(),'Accept')]]
2022-05-19 22:05:816 INFO  HomePage :60 - Enter job Plumber to jobTitle field [[ChromeDriver: chrome on WINDOWS (b24c96bfd810614defd4af259842071d)] -> xpath: //input[@id='keywords']]
2022-05-19 22:05:72 INFO  HomePage :64 - Enter location London to location field [[ChromeDriver: chrome on WINDOWS (b24c96bfd810614defd4af259842071d)] -> xpath: //input[@id='location']]
2022-05-19 22:05:301 INFO  HomePage :68 - Selecting distance 7 from dropdown [[ChromeDriver: chrome on WINDOWS (b24c96bfd810614defd4af259842071d)] -> xpath: //select[@id='distance']]
2022-05-19 22:05:513 INFO  HomePage :72 - Clicking on moreSearchOptionsLink [[ChromeDriver: chrome on WINDOWS (b24c96bfd810614defd4af259842071d)] -> xpath: //button[@id='toggle-hp-search']]
2022-05-19 22:05:635 INFO  HomePage :76 - Enter minSalary 3000 to email field [[ChromeDriver: chrome on WINDOWS (b24c96bfd810614defd4af259842071d)] -> xpath: //input[@id='salarymin']]
2022-05-19 22:05:755 INFO  HomePage :80 - Enter maxSalary 40000 to email field [[ChromeDriver: chrome on WINDOWS (b24c96bfd810614defd4af259842071d)] -> xpath: //input[@id='salarymax']]
2022-05-19 22:05:929 INFO  HomePage :84 - Selecting salary Type month from dropdown [[ChromeDriver: chrome on WINDOWS (b24c96bfd810614defd4af259842071d)] -> xpath: //select[@id='salarytype']]
2022-05-19 22:05:107 INFO  HomePage :88 - Selecting job Type Contract from dropdown [[ChromeDriver: chrome on WINDOWS (b24c96bfd810614defd4af259842071d)] -> xpath: //select[@id='tempperm']]
2022-05-19 22:05:314 INFO  HomePage :92 - Clicking on findJobsBtn [[ChromeDriver: chrome on WINDOWS (b24c96bfd810614defd4af259842071d)] -> xpath: //input[@id='hp-search-btn']]
2022-05-19 22:05:633 INFO  ResultPage :25 - getting result Text from [[ChromeDriver: chrome on WINDOWS (b24c96bfd810614defd4af259842071d)] -> xpath: //h1[@class='search-header__title']]
2022-05-19 22:05:973 INFO  ManageDriver :33 - Launching Chrome Browser
2022-05-19 22:05:443 INFO  HomePage :97 - Clicking on acceptCookies [[ChromeDriver: chrome on WINDOWS (19ba111ab3e55b5a6cbff87f9c6b62b0)] -> xpath: //*[contains(text(),'Accept')]]
2022-05-19 22:05:129 INFO  HomePage :60 - Enter job Cook to jobTitle field [[ChromeDriver: chrome on WINDOWS (19ba111ab3e55b5a6cbff87f9c6b62b0)] -> xpath: //input[@id='keywords']]
2022-05-19 22:05:303 INFO  HomePage :64 - Enter location Cambridge to location field [[ChromeDriver: chrome on WINDOWS (19ba111ab3e55b5a6cbff87f9c6b62b0)] -> xpath: //input[@id='location']]
2022-05-19 22:05:492 INFO  HomePage :68 - Selecting distance 5 from dropdown [[ChromeDriver: chrome on WINDOWS (19ba111ab3e55b5a6cbff87f9c6b62b0)] -> xpath: //select[@id='distance']]
2022-05-19 22:05:689 INFO  HomePage :72 - Clicking on moreSearchOptionsLink [[ChromeDriver: chrome on WINDOWS (19ba111ab3e55b5a6cbff87f9c6b62b0)] -> xpath: //button[@id='toggle-hp-search']]
2022-05-19 22:05:250 INFO  HomePage :76 - Enter minSalary 1000 to email field [[ChromeDriver: chrome on WINDOWS (19ba111ab3e55b5a6cbff87f9c6b62b0)] -> xpath: //input[@id='salarymin']]
2022-05-19 22:05:209 INFO  HomePage :80 - Enter maxSalary 5000 to email field [[ChromeDriver: chrome on WINDOWS (19ba111ab3e55b5a6cbff87f9c6b62b0)] -> xpath: //input[@id='salarymax']]
2022-05-19 22:05:479 INFO  HomePage :84 - Selecting salary Type week from dropdown [[ChromeDriver: chrome on WINDOWS (19ba111ab3e55b5a6cbff87f9c6b62b0)] -> xpath: //select[@id='salarytype']]
2022-05-19 22:05:669 INFO  HomePage :88 - Selecting job Type Part Time from dropdown [[ChromeDriver: chrome on WINDOWS (19ba111ab3e55b5a6cbff87f9c6b62b0)] -> xpath: //select[@id='tempperm']]
2022-05-19 22:05:337 INFO  HomePage :92 - Clicking on findJobsBtn [[ChromeDriver: chrome on WINDOWS (19ba111ab3e55b5a6cbff87f9c6b62b0)] -> xpath: //input[@id='hp-search-btn']]
2022-05-19 22:05:495 INFO  ResultPage :25 - getting result Text from [[ChromeDriver: chrome on WINDOWS (19ba111ab3e55b5a6cbff87f9c6b62b0)] -> xpath: //h1[@class='search-header__title']]
2022-05-19 22:05:465 INFO  ManageDriver :33 - Launching Chrome Browser
2022-05-19 22:05:924 INFO  HomePage :97 - Clicking on acceptCookies [[ChromeDriver: chrome on WINDOWS (210d21956ea5b372290e7f6fdfdd419c)] -> xpath: //*[contains(text(),'Accept')]]
2022-05-19 22:05:663 INFO  HomePage :60 - Enter job Nurse to jobTitle field [[ChromeDriver: chrome on WINDOWS (210d21956ea5b372290e7f6fdfdd419c)] -> xpath: //input[@id='keywords']]
2022-05-19 22:05:788 INFO  HomePage :64 - Enter location Essex to location field [[ChromeDriver: chrome on WINDOWS (210d21956ea5b372290e7f6fdfdd419c)] -> xpath: //input[@id='location']]
2022-05-19 22:05:973 INFO  HomePage :68 - Selecting distance 2 from dropdown [[ChromeDriver: chrome on WINDOWS (210d21956ea5b372290e7f6fdfdd419c)] -> xpath: //select[@id='distance']]
2022-05-19 22:05:204 INFO  HomePage :72 - Clicking on moreSearchOptionsLink [[ChromeDriver: chrome on WINDOWS (210d21956ea5b372290e7f6fdfdd419c)] -> xpath: //button[@id='toggle-hp-search']]
2022-05-19 22:05:648 INFO  HomePage :76 - Enter minSalary 80 to email field [[ChromeDriver: chrome on WINDOWS (210d21956ea5b372290e7f6fdfdd419c)] -> xpath: //input[@id='salarymin']]
2022-05-19 22:05:800 INFO  HomePage :80 - Enter maxSalary 7000 to email field [[ChromeDriver: chrome on WINDOWS (210d21956ea5b372290e7f6fdfdd419c)] -> xpath: //input[@id='salarymax']]
2022-05-19 22:05:957 INFO  HomePage :84 - Selecting salary Type day from dropdown [[ChromeDriver: chrome on WINDOWS (210d21956ea5b372290e7f6fdfdd419c)] -> xpath: //select[@id='salarytype']]
2022-05-19 22:05:111 INFO  HomePage :88 - Selecting job Type Contract from dropdown [[ChromeDriver: chrome on WINDOWS (210d21956ea5b372290e7f6fdfdd419c)] -> xpath: //select[@id='tempperm']]
2022-05-19 22:05:341 INFO  HomePage :92 - Clicking on findJobsBtn [[ChromeDriver: chrome on WINDOWS (210d21956ea5b372290e7f6fdfdd419c)] -> xpath: //input[@id='hp-search-btn']]
2022-05-19 22:05:902 INFO  ResultPage :25 - getting result Text from [[ChromeDriver: chrome on WINDOWS (210d21956ea5b372290e7f6fdfdd419c)] -> xpath: //h1[@class='search-header__title']]
2022-05-19 22:05:494 INFO  ManageDriver :33 - Launching Chrome Browser
2022-05-19 22:05:571 INFO  HomePage :97 - Clicking on acceptCookies [[ChromeDriver: chrome on WINDOWS (b72bd7b4a876232a11dbc27c930e3a43)] -> xpath: //*[contains(text(),'Accept')]]
2022-05-19 22:05:713 INFO  HomePage :60 - Enter job Teacher to jobTitle field [[ChromeDriver: chrome on WINDOWS (b72bd7b4a876232a11dbc27c930e3a43)] -> xpath: //input[@id='keywords']]
2022-05-19 22:05:879 INFO  HomePage :64 - Enter location Oxford to location field [[ChromeDriver: chrome on WINDOWS (b72bd7b4a876232a11dbc27c930e3a43)] -> xpath: //input[@id='location']]
2022-05-19 22:05:62 INFO  HomePage :68 - Selecting distance 5 from dropdown [[ChromeDriver: chrome on WINDOWS (b72bd7b4a876232a11dbc27c930e3a43)] -> xpath: //select[@id='distance']]
2022-05-19 22:05:280 INFO  HomePage :72 - Clicking on moreSearchOptionsLink [[ChromeDriver: chrome on WINDOWS (b72bd7b4a876232a11dbc27c930e3a43)] -> xpath: //button[@id='toggle-hp-search']]
2022-05-19 22:05:848 INFO  HomePage :76 - Enter minSalary 800 to email field [[ChromeDriver: chrome on WINDOWS (b72bd7b4a876232a11dbc27c930e3a43)] -> xpath: //input[@id='salarymin']]
2022-05-19 22:05:995 INFO  HomePage :80 - Enter maxSalary 40000 to email field [[ChromeDriver: chrome on WINDOWS (b72bd7b4a876232a11dbc27c930e3a43)] -> xpath: //input[@id='salarymax']]
2022-05-19 22:05:79 INFO  HomePage :84 - Selecting salary Type annum from dropdown [[ChromeDriver: chrome on WINDOWS (b72bd7b4a876232a11dbc27c930e3a43)] -> xpath: //select[@id='salarytype']]
2022-05-19 22:05:243 INFO  HomePage :88 - Selecting job Type Apprenticeship from dropdown [[ChromeDriver: chrome on WINDOWS (b72bd7b4a876232a11dbc27c930e3a43)] -> xpath: //select[@id='tempperm']]
2022-05-19 22:05:459 INFO  HomePage :92 - Clicking on findJobsBtn [[ChromeDriver: chrome on WINDOWS (b72bd7b4a876232a11dbc27c930e3a43)] -> xpath: //input[@id='hp-search-btn']]
2022-05-19 22:05:377 INFO  ResultPage :25 - getting result Text from [[ChromeDriver: chrome on WINDOWS (b72bd7b4a876232a11dbc27c930e3a43)] -> xpath: //h1[@class='search-header__title']]
2022-05-19 22:05:843 INFO  ManageDriver :33 - Launching Chrome Browser
2022-05-19 22:05:910 INFO  HomePage :97 - Clicking on acceptCookies [[ChromeDriver: chrome on WINDOWS (3d5014c1ac48b4a88e6cad22f7c821ae)] -> xpath: //*[contains(text(),'Accept')]]
2022-05-19 22:05:99 INFO  HomePage :60 - Enter job Developer to jobTitle field [[ChromeDriver: chrome on WINDOWS (3d5014c1ac48b4a88e6cad22f7c821ae)] -> xpath: //input[@id='keywords']]
2022-05-19 22:05:356 INFO  HomePage :64 - Enter location Nottingham to location field [[ChromeDriver: chrome on WINDOWS (3d5014c1ac48b4a88e6cad22f7c821ae)] -> xpath: //input[@id='location']]
2022-05-19 22:05:535 INFO  HomePage :68 - Selecting distance 7 from dropdown [[ChromeDriver: chrome on WINDOWS (3d5014c1ac48b4a88e6cad22f7c821ae)] -> xpath: //select[@id='distance']]
2022-05-19 22:05:759 INFO  HomePage :72 - Clicking on moreSearchOptionsLink [[ChromeDriver: chrome on WINDOWS (3d5014c1ac48b4a88e6cad22f7c821ae)] -> xpath: //button[@id='toggle-hp-search']]
2022-05-19 22:05:852 INFO  HomePage :76 - Enter minSalary 900 to email field [[ChromeDriver: chrome on WINDOWS (3d5014c1ac48b4a88e6cad22f7c821ae)] -> xpath: //input[@id='salarymin']]
2022-05-19 22:05:980 INFO  HomePage :80 - Enter maxSalary 30000 to email field [[ChromeDriver: chrome on WINDOWS (3d5014c1ac48b4a88e6cad22f7c821ae)] -> xpath: //input[@id='salarymax']]
2022-05-19 22:05:142 INFO  HomePage :84 - Selecting salary Type month from dropdown [[ChromeDriver: chrome on WINDOWS (3d5014c1ac48b4a88e6cad22f7c821ae)] -> xpath: //select[@id='salarytype']]
2022-05-19 22:05:306 INFO  HomePage :88 - Selecting job Type Permanent from dropdown [[ChromeDriver: chrome on WINDOWS (3d5014c1ac48b4a88e6cad22f7c821ae)] -> xpath: //select[@id='tempperm']]
2022-05-19 22:05:552 INFO  HomePage :92 - Clicking on findJobsBtn [[ChromeDriver: chrome on WINDOWS (3d5014c1ac48b4a88e6cad22f7c821ae)] -> xpath: //input[@id='hp-search-btn']]
2022-05-19 22:05:834 INFO  ResultPage :25 - getting result Text from [[ChromeDriver: chrome on WINDOWS (3d5014c1ac48b4a88e6cad22f7c821ae)] -> xpath: //h1[@class='search-header__title']]
2022-05-19 22:05:408 INFO  ManageDriver :33 - Launching Chrome Browser
2022-05-19 22:05:619 INFO  HomePage :97 - Clicking on acceptCookies [[ChromeDriver: chrome on WINDOWS (933aff7c281bc8fce92af8dcb7b54e53)] -> xpath: //*[contains(text(),'Accept')]]
2022-05-19 22:05:698 INFO  HomePage :60 - Enter job Tester to jobTitle field [[ChromeDriver: chrome on WINDOWS (933aff7c281bc8fce92af8dcb7b54e53)] -> xpath: //input[@id='keywords']]
2022-05-19 22:05:915 INFO  HomePage :64 - Enter location Colchester to location field [[ChromeDriver: chrome on WINDOWS (933aff7c281bc8fce92af8dcb7b54e53)] -> xpath: //input[@id='location']]
2022-05-19 22:05:881 INFO  HomePage :68 - Selecting distance 2 from dropdown [[ChromeDriver: chrome on WINDOWS (933aff7c281bc8fce92af8dcb7b54e53)] -> xpath: //select[@id='distance']]
2022-05-19 22:05:83 INFO  HomePage :72 - Clicking on moreSearchOptionsLink [[ChromeDriver: chrome on WINDOWS (933aff7c281bc8fce92af8dcb7b54e53)] -> xpath: //button[@id='toggle-hp-search']]
2022-05-19 22:05:233 INFO  HomePage :76 - Enter minSalary 100 to email field [[ChromeDriver: chrome on WINDOWS (933aff7c281bc8fce92af8dcb7b54e53)] -> xpath: //input[@id='salarymin']]
2022-05-19 22:05:364 INFO  HomePage :80 - Enter maxSalary 20000 to email field [[ChromeDriver: chrome on WINDOWS (933aff7c281bc8fce92af8dcb7b54e53)] -> xpath: //input[@id='salarymax']]
2022-05-19 22:05:537 INFO  HomePage :84 - Selecting salary Type hour from dropdown [[ChromeDriver: chrome on WINDOWS (933aff7c281bc8fce92af8dcb7b54e53)] -> xpath: //select[@id='salarytype']]
2022-05-19 22:05:687 INFO  HomePage :88 - Selecting job Type Permanent from dropdown [[ChromeDriver: chrome on WINDOWS (933aff7c281bc8fce92af8dcb7b54e53)] -> xpath: //select[@id='tempperm']]
2022-05-19 22:05:904 INFO  HomePage :92 - Clicking on findJobsBtn [[ChromeDriver: chrome on WINDOWS (933aff7c281bc8fce92af8dcb7b54e53)] -> xpath: //input[@id='hp-search-btn']]
2022-05-19 22:05:153 INFO  ResultPage :25 - getting result Text from [[ChromeDriver: chrome on WINDOWS (933aff7c281bc8fce92af8dcb7b54e53)] -> xpath: //h1[@class='search-header__title']]
2022-05-19 23:05:174 INFO  ManageDriver :33 - Launching Chrome Browser
2022-05-19 23:05:165 INFO  HomePage :97 - Clicking on acceptCookies [[ChromeDriver: chrome on WINDOWS (5245073bf2528cb68ff0db290a9e9ec1)] -> xpath: //*[contains(text(),'Accept')]]
2022-05-19 23:05:719 INFO  HomePage :60 - Enter job Tester to jobTitle field [[ChromeDriver: chrome on WINDOWS (5245073bf2528cb68ff0db290a9e9ec1)] -> xpath: //input[@id='keywords']]
2022-05-19 23:05:04 INFO  HomePage :64 - Enter location Oxford to location field [[ChromeDriver: chrome on WINDOWS (5245073bf2528cb68ff0db290a9e9ec1)] -> xpath: //input[@id='location']]
2022-05-19 23:05:260 INFO  HomePage :68 - Selecting distance 5 from dropdown [[ChromeDriver: chrome on WINDOWS (5245073bf2528cb68ff0db290a9e9ec1)] -> xpath: //select[@id='distance']]
2022-05-19 23:05:949 INFO  HomePage :72 - Clicking on moreSearchOptionsLink [[ChromeDriver: chrome on WINDOWS (5245073bf2528cb68ff0db290a9e9ec1)] -> xpath: //button[@id='toggle-hp-search']]
2022-05-19 23:05:102 INFO  HomePage :76 - Enter minSalary 300 to email field [[ChromeDriver: chrome on WINDOWS (5245073bf2528cb68ff0db290a9e9ec1)] -> xpath: //input[@id='salarymin']]
2022-05-19 23:05:249 INFO  HomePage :80 - Enter maxSalary 5000 to email field [[ChromeDriver: chrome on WINDOWS (5245073bf2528cb68ff0db290a9e9ec1)] -> xpath: //input[@id='salarymax']]
2022-05-19 23:05:400 INFO  HomePage :84 - Selecting salary Type annum from dropdown [[ChromeDriver: chrome on WINDOWS (5245073bf2528cb68ff0db290a9e9ec1)] -> xpath: //select[@id='salarytype']]
2022-05-19 23:05:578 INFO  HomePage :88 - Selecting job Type Permanent from dropdown [[ChromeDriver: chrome on WINDOWS (5245073bf2528cb68ff0db290a9e9ec1)] -> xpath: //select[@id='tempperm']]
2022-05-19 23:05:826 INFO  HomePage :92 - Clicking on findJobsBtn [[ChromeDriver: chrome on WINDOWS (5245073bf2528cb68ff0db290a9e9ec1)] -> xpath: //input[@id='hp-search-btn']]
2022-05-19 23:05:869 INFO  ResultPage :25 - getting result Text from [[ChromeDriver: chrome on WINDOWS (5245073bf2528cb68ff0db290a9e9ec1)] -> xpath: //h1[@class='search-header__title']]
